<?xml version="1.0" encoding="UTF-8"?>
<!-- Generated by org.testng.reporters.JUnitXMLReporter -->
<testsuite ignored="10" hostname="Manujayarm" failures="0" tests="3" name="Test" time="75.167" errors="0" timestamp="2021-05-27T23:04:31 IST">
  <testcase classname="com.crm.comcast.contacts_1.TC_32_Save_Button_enable_r_not" name="saveButtonEnbale" time="17.411"/>
  <testcase classname="com.crm.comcast.contacts_1.TC_35_MailMergeTemplateWithOrganization" name="mailMergeTemplate" time="11.032"/>
  <testcase classname="com.crm.comcast.contacts_1.TC_33_CancelButtonIsEnableRNot" name="cancelButton" time="14.562"/>
  <testcase classname="com.crm.comcast.contacts_1.TC_31_CreateContactTest" name="createContact" time="0.0">
    <ignored/>
  </testcase> <!-- createContact -->
  <testcase classname="com.crm.comcast.genericutility.BaseClass" name="@BeforeSuite beforeSuite" time="0.0">
    <ignored/>
  </testcase> <!-- @BeforeSuite beforeSuite -->
  <testcase classname="com.crm.comcast.genericutility.BaseClass" name="@BeforeSuite beforeSuite" time="0.0">
    <ignored/>
  </testcase> <!-- @BeforeSuite beforeSuite -->
  <testcase classname="com.crm.comcast.genericutility.BaseClass" name="@BeforeSuite beforeSuite" time="0.0">
    <ignored/>
  </testcase> <!-- @BeforeSuite beforeSuite -->
  <testcase classname="com.crm.comcast.genericutility.BaseClass" name="@BeforeSuite beforeSuite" time="0.0">
    <ignored/>
  </testcase> <!-- @BeforeSuite beforeSuite -->
  <testcase classname="com.crm.comcast.genericutility.BaseClass" name="@AfterSuite closeDBConnection" time="0.0">
    <ignored/>
  </testcase> <!-- @AfterSuite closeDBConnection -->
  <testcase classname="com.crm.comcast.genericutility.BaseClass" name="@AfterSuite closeDBConnection" time="0.0">
    <ignored/>
  </testcase> <!-- @AfterSuite closeDBConnection -->
  <testcase classname="com.crm.comcast.genericutility.BaseClass" name="@AfterSuite closeDBConnection" time="0.0">
    <ignored/>
  </testcase> <!-- @AfterSuite closeDBConnection -->
  <testcase classname="com.crm.comcast.genericutility.BaseClass" name="@AfterSuite closeDBConnection" time="0.0">
    <ignored/>
  </testcase> <!-- @AfterSuite closeDBConnection -->
  <testcase classname="com.crm.comcast.contacts_1.TC_34_CreateMailMergeTemplateWithOrganition" name="createMergeMailTemplate" time="0.0">
    <ignored/>
  </testcase> <!-- createMergeMailTemplate -->
</testsuite> <!-- Test -->
